#
# A fatal error has been detected by the Java Runtime Environment:
#
#  SIGSEGV (0xb) at pc=0x00007fff639ff260, pid=46391, tid=0x0000000000001103
#
# JRE version: Java(TM) SE Runtime Environment (8.0_161-b12) (build 1.8.0_161-b12)
# Java VM: Java HotSpot(TM) 64-Bit Server VM (25.161-b12 mixed mode bsd-amd64 compressed oops)
# Problematic frame:
# C  [libc++abi.dylib+0x3260]  __cxxabiv1::__si_class_type_info::has_unambiguous_public_base(__cxxabiv1::__dynamic_cast_info*, void*, int) const+0x4
#
# Failed to write core dump. Core dumps have been disabled. To enable core dumping, try "ulimit -c unlimited" before starting Java again
#
# If you would like to submit a bug report, please visit:
#   http://bugreport.java.com/bugreport/crash.jsp
# The crash happened outside the Java Virtual Machine in native code.
# See problematic frame for where to report the bug.
#

---------------  T H R E A D  ---------------

Current thread (0x00007ff639800800):  JavaThread "main" [_thread_in_native, id=4355, stack(0x00007000081e1000,0x00007000082e1000)]

siginfo: si_signo: 11 (SIGSEGV), si_code: 1 (SEGV_MAPERR), si_addr: 0x0000000000000010

Registers:
RAX=0x00007fff905dff98, RBX=0x0000000123d3aa40, RCX=0x0000000123d2b858, RDX=0x0000000000000006
RSP=0x00007000082d9960, RBP=0x00007000082d9960, RSI=0x0000000000000000, RDI=0x00007fff905dff98
R8 =0x0000000123d3aa40, R9 =0x0000000123d27690, R10=0x00007fff9021e6c8, R11=0x00007fff66a89640
R12=0x0000000123d27690, R13=0x0000000000000000, R14=0x00007fff905e02e0, R15=0x00007fff906e4bd8
RIP=0x00007fff639ff260, EFLAGS=0x0000000000010246, ERR=0x0000000000000004
  TRAPNO=0x000000000000000e

Top of Stack: (sp=0x00007000082d9960)
0x00007000082d9960:   0000000123d2b858 0000000123bf5579
0x00007000082d9970:   0000000123d3aa40 00007000082d9980
0x00007000082d9980:   0000000000000000 0000000000000000
0x00007000082d9990:   0000001000000000 0000000123bffef4
0x00007000082d99a0:   00007000082d99d0 0000000123d3c658
0x00007000082d99b0:   0000000123d3c588 00007fff906e4480
0x00007000082d99c0:   0000000000000000 0000000123c51420
0x00007000082d99d0:   0000000123d3c658 0000000123c42b8f
0x00007000082d99e0:   0000000123d3c580 0000000123d3c588
0x00007000082d99f0:   0000000123d3be60 0000000123c42cf0
0x00007000082d9a00:   00007fff905e01c0 00007fff905e01c0
0x00007000082d9a10:   0000000123d3c580 0000000123bfb37f
0x00007000082d9a20:   0000000123c8cc60 00007000082d9a70
0x00007000082d9a30:   00007000082d9bc0 0000000123c8cc60
0x00007000082d9a40:   0000000000000000 00007fff906de198
0x00007000082d9a50:   0000000000000000 0000000123c8cc70
0x00007000082d9a60:   00007000082d9bc0 000000010a89f15d
0x00007000082d9a70:   000070001f070000 000000012381e000
0x00007000082d9a80:   0000000000000000 0000000123c8cc60
0x00007000082d9a90:   0000000000000000 0000000000000000
0x00007000082d9aa0:   0000000000000000 0000000000000000
0x00007000082d9ab0:   0000000000000000 0000000000000000
0x00007000082d9ac0:   0000000000000000 0000000000000000
0x00007000082d9ad0:   0000000000000000 0000000000000000
0x00007000082d9ae0:   00000007c00379d0 00007ff639804120
0x00007000082d9af0:   00007000074498c0 000000010abd4244
0x00007000082d9b00:   00007ff639000a30 00007ff639000c60
0x00007000082d9b10:   00007ff639000c90 0000000000000042
0x00007000082d9b20:   00007000082d9be0 000000010a8861df
0x00007000082d9b30:   00007000082db460 0000000000000000
0x00007000082d9b40:   000000012381e000 00007ff63775f380
0x00007000082d9b50:   000000012381e8d0 000000010a91a330 

Instructions: (pc=0x00007fff639ff260)
0x00007fff639ff240:   0f 44 c7 48 8d 15 f8 13 01 00 48 39 d1 48 0f 44
0x00007fff639ff250:   c7 c3 55 48 89 e5 e8 be 09 00 00 90 55 48 89 e5
0x00007fff639ff260:   48 3b 7e 10 74 0e 48 8b 7f 10 48 8b 07 48 8b 40
0x00007fff639ff270:   38 5d ff e0 48 8b 46 20 48 85 c0 74 15 48 39 d0 

Register to memory mapping:

RAX=0x00007fff905dff98: _ZTISt7num_putIcSt19ostreambuf_iteratorIcSt11char_traitsIcEEE+0 in /usr/lib/libstdc++.6.dylib at 0x00007fff6599b000
RBX=0x0000000123d3aa40: _ZN12_GLOBAL__N_19num_put_cE+0 in /Users/lucas/.javacpp/cache/nd4j-native-0.9.1-macosx-x86_64.jar/org/nd4j/nativeblas/macosx-x86_64/libnd4jcpu.dylib at 0x000000012381e000
RCX=0x0000000123d2b858: _ZTISt7num_putIcSt19ostreambuf_iteratorIcSt11char_traitsIcEEE+0 in /Users/lucas/.javacpp/cache/nd4j-native-0.9.1-macosx-x86_64.jar/org/nd4j/nativeblas/macosx-x86_64/libnd4jcpu.dylib at 0x000000012381e000
RDX=0x0000000000000006 is an unknown value
RSP=0x00007000082d9960 is pointing into the stack for thread: 0x00007ff639800800
RBP=0x00007000082d9960 is pointing into the stack for thread: 0x00007ff639800800
RSI=0x0000000000000000 is an unknown value
RDI=0x00007fff905dff98: _ZTISt7num_putIcSt19ostreambuf_iteratorIcSt11char_traitsIcEEE+0 in /usr/lib/libstdc++.6.dylib at 0x00007fff6599b000
R8 =0x0000000123d3aa40: _ZN12_GLOBAL__N_19num_put_cE+0 in /Users/lucas/.javacpp/cache/nd4j-native-0.9.1-macosx-x86_64.jar/org/nd4j/nativeblas/macosx-x86_64/libnd4jcpu.dylib at 0x000000012381e000
R9 =0x0000000123d27690: _ZTINSt6locale5facetE+0 in /Users/lucas/.javacpp/cache/nd4j-native-0.9.1-macosx-x86_64.jar/org/nd4j/nativeblas/macosx-x86_64/libnd4jcpu.dylib at 0x000000012381e000
R10=0x00007fff9021e6c8: _ZTVN10__cxxabiv120__si_class_type_infoE+0x10 in /usr/lib/libc++abi.dylib at 0x00007fff639fc000
R11=0x00007fff66a89640: _platform_strcmp+0 in /usr/lib/system/libsystem_platform.dylib at 0x00007fff66a88000
R12=0x0000000123d27690: _ZTINSt6locale5facetE+0 in /Users/lucas/.javacpp/cache/nd4j-native-0.9.1-macosx-x86_64.jar/org/nd4j/nativeblas/macosx-x86_64/libnd4jcpu.dylib at 0x000000012381e000
R13=0x0000000000000000 is an unknown value
R14=0x00007fff905e02e0: _ZTVSo+0 in /usr/lib/libstdc++.6.dylib at 0x00007fff6599b000
R15=0x00007fff906e4bd8: __stdoutp+0 in /usr/lib/system/libsystem_c.dylib at 0x00007fff668e2000


Stack: [0x00007000081e1000,0x00007000082e1000],  sp=0x00007000082d9960,  free space=994k
Native frames: (J=compiled Java code, j=interpreted, Vv=VM code, C=native code)
C  [libc++abi.dylib+0x3260]  __cxxabiv1::__si_class_type_info::has_unambiguous_public_base(__cxxabiv1::__dynamic_cast_info*, void*, int) const+0x4
C  [libnd4jcpu.dylib+0x3d7579]  __dynamic_cast+0x89

Java frames: (J=compiled Java code, j=interpreted, Vv=VM code)
j  java.lang.ClassLoader$NativeLibrary.load(Ljava/lang/String;Z)V+0
j  java.lang.ClassLoader.loadLibrary0(Ljava/lang/Class;Ljava/io/File;)Z+328
j  java.lang.ClassLoader.loadLibrary(Ljava/lang/Class;Ljava/lang/String;Z)V+48
j  java.lang.Runtime.load0(Ljava/lang/Class;Ljava/lang/String;)V+57
j  java.lang.System.load(Ljava/lang/String;)V+7
j  org.bytedeco.javacpp.Loader.loadLibrary([Ljava/net/URL;Ljava/lang/String;)Ljava/lang/String;+340
j  org.bytedeco.javacpp.Loader.load(Ljava/lang/Class;Ljava/util/Properties;Z)Ljava/lang/String;+366
j  org.bytedeco.javacpp.Loader.load()Ljava/lang/String;+8
j  org.nd4j.nativeblas.Nd4jCpu.<clinit>()V+0
v  ~StubRoutines::call_stub
j  java.lang.Class.forName0(Ljava/lang/String;ZLjava/lang/ClassLoader;Ljava/lang/Class;)Ljava/lang/Class;+0
j  java.lang.Class.forName(Ljava/lang/String;ZLjava/lang/ClassLoader;)Ljava/lang/Class;+49
j  org.bytedeco.javacpp.Loader.load(Ljava/lang/Class;Ljava/util/Properties;Z)Ljava/lang/String;+183
j  org.bytedeco.javacpp.Loader.load()Ljava/lang/String;+8
j  org.nd4j.nativeblas.Nd4jCpu$NativeOps.<clinit>()V+0
v  ~StubRoutines::call_stub
j  java.lang.Class.forName0(Ljava/lang/String;ZLjava/lang/ClassLoader;Ljava/lang/Class;)Ljava/lang/Class;+0
j  java.lang.Class.forName(Ljava/lang/String;)Ljava/lang/Class;+11
j  org.nd4j.nativeblas.NativeOpsHolder.<init>()V+27
j  org.nd4j.nativeblas.NativeOpsHolder.<clinit>()V+12
v  ~StubRoutines::call_stub
j  org.nd4j.linalg.cpu.nativecpu.ops.NativeOpExecutioner.<init>()V+5
v  ~StubRoutines::call_stub
j  sun.reflect.NativeConstructorAccessorImpl.newInstance0(Ljava/lang/reflect/Constructor;[Ljava/lang/Object;)Ljava/lang/Object;+0
j  sun.reflect.NativeConstructorAccessorImpl.newInstance([Ljava/lang/Object;)Ljava/lang/Object;+85
j  sun.reflect.DelegatingConstructorAccessorImpl.newInstance([Ljava/lang/Object;)Ljava/lang/Object;+5
j  java.lang.reflect.Constructor.newInstance([Ljava/lang/Object;)Ljava/lang/Object;+79
j  java.lang.Class.newInstance()Ljava/lang/Object;+138
j  org.nd4j.linalg.factory.Nd4j.initWithBackend(Lorg/nd4j/linalg/factory/Nd4jBackend;)V+743
j  org.nd4j.linalg.factory.Nd4j.initContext()V+6
j  org.nd4j.linalg.factory.Nd4j.<clinit>()V+157
v  ~StubRoutines::call_stub
j  com.isaac.stock.representation.StockDataSetIterator.generateTestDataSet(Ljava/util/List;)Ljava/util/List;+50
j  com.isaac.stock.representation.StockDataSetIterator.<init>(Ljava/lang/String;Ljava/lang/String;IIDLcom/isaac/stock/representation/PriceCategory;)V+161
j  com.isaac.stock.predict.StockPricePrediction.main([Ljava/lang/String;)V+60
v  ~StubRoutines::call_stub

---------------  P R O C E S S  ---------------

Java Threads: ( => current thread )
  0x00007ff63abfe800 JavaThread "JavaCPP Deallocator" daemon [_thread_blocked, id=22787, stack(0x0000700009826000,0x0000700009926000)]
  0x00007ff6383f5800 JavaThread "Workspace deallocator thread" daemon [_thread_blocked, id=22275, stack(0x0000700009723000,0x0000700009823000)]
  0x00007ff63b065000 JavaThread "Service Thread" daemon [_thread_blocked, id=15875, stack(0x000070000951d000,0x000070000961d000)]
  0x00007ff63829c000 JavaThread "C1 CompilerThread3" daemon [_thread_blocked, id=16131, stack(0x000070000941a000,0x000070000951a000)]
  0x00007ff63829b800 JavaThread "C2 CompilerThread2" daemon [_thread_blocked, id=15107, stack(0x0000700009317000,0x0000700009417000)]
  0x00007ff63829a800 JavaThread "C2 CompilerThread1" daemon [_thread_blocked, id=16643, stack(0x0000700009214000,0x0000700009314000)]
  0x00007ff63829a000 JavaThread "C2 CompilerThread0" daemon [_thread_blocked, id=14595, stack(0x0000700009111000,0x0000700009211000)]
  0x00007ff638298000 JavaThread "Monitor Ctrl-Break" daemon [_thread_in_native, id=17411, stack(0x000070000900e000,0x000070000910e000)]
  0x00007ff638800800 JavaThread "Signal Dispatcher" daemon [_thread_blocked, id=14339, stack(0x0000700008f0b000,0x000070000900b000)]
  0x00007ff63b800000 JavaThread "Finalizer" daemon [_thread_blocked, id=12803, stack(0x0000700008d02000,0x0000700008e02000)]
  0x00007ff638022000 JavaThread "Reference Handler" daemon [_thread_blocked, id=20227, stack(0x0000700008bff000,0x0000700008cff000)]
=>0x00007ff639800800 JavaThread "main" [_thread_in_native, id=4355, stack(0x00007000081e1000,0x00007000082e1000)]

Other Threads:
  0x00007ff639812800 VMThread [stack: 0x0000700008afc000,0x0000700008bfc000] [id=20739]
  0x00007ff63aa7e000 WatcherThread [stack: 0x0000700009620000,0x0000700009720000] [id=21763]

VM state:not at safepoint (normal execution)

VM Mutex/Monitor currently owned by a thread: None

Heap:
 PSYoungGen      total 443392K, used 385912K [0x000000076ab00000, 0x000000078fc80000, 0x00000007c0000000)
  eden space 321024K, 84% used [0x000000076ab00000,0x000000077b2731e8,0x000000077e480000)
  from space 122368K, 94% used [0x0000000787280000,0x000000078e3eb010,0x000000078ea00000)
  to   space 143360K, 0% used [0x000000077e480000,0x000000077e480000,0x0000000787080000)
 ParOldGen       total 576512K, used 274151K [0x00000006c0000000, 0x00000006e3300000, 0x000000076ab00000)
  object space 576512K, 47% used [0x00000006c0000000,0x00000006d0bb9d10,0x00000006e3300000)
 Metaspace       used 7469K, capacity 7642K, committed 7808K, reserved 1056768K
  class space    used 794K, capacity 818K, committed 896K, reserved 1048576K

Card table byte_map: [0x000000010580b000,0x000000010600c000] byte_map_base: 0x000000010220b000

Marking Bits: (ParMarkBitMap*) 0x0000000104cf76c0
 Begin Bits: [0x0000000119988000, 0x000000011d988000)
 End Bits:   [0x000000011d988000, 0x0000000121988000)

Polling page: 0x00000001033ed000

CodeCache: size=245760Kb used=3601Kb max_used=3616Kb free=242158Kb
 bounds [0x000000010a988000, 0x000000010ad18000, 0x0000000119988000]
 total_blobs=1202 nmethods=823 adapters=293
 compilation: enabled

Compilation events (10 events):
Event: 4.474 Thread 0x00007ff63829c000 nmethod 817 0x000000010ad01d50 code [0x000000010ad01f60, 0x000000010ad02838]
Event: 4.474 Thread 0x00007ff63829c000  822       3       java.io.DataInputStream::readShort (40 bytes)
Event: 4.474 Thread 0x00007ff63829c000 nmethod 822 0x000000010ad01690 code [0x000000010ad01820, 0x000000010ad01be8]
Event: 4.474 Thread 0x00007ff63829c000  818       3       java.io.DataInputStream::readUnsignedShort (39 bytes)
Event: 4.474 Thread 0x00007ff63829c000 nmethod 818 0x000000010ad01010 code [0x000000010ad011a0, 0x000000010ad01548]
Event: 4.474 Thread 0x00007ff63829c000  820       3       java.io.DataInputStream::readUTF (5 bytes)
Event: 4.474 Thread 0x00007ff63829c000 nmethod 820 0x000000010ad0b190 code [0x000000010ad0b300, 0x000000010ad0b488]
Event: 4.474 Thread 0x00007ff63829c000  823       3       java.io.DataInputStream::readFully (9 bytes)
Event: 4.474 Thread 0x00007ff63829c000 nmethod 823 0x000000010ad0b510 code [0x000000010ad0b680, 0x000000010ad0b8a8]
Event: 4.475 Thread 0x00007ff63829b800 nmethod 824 0x000000010ad0eb90 code [0x000000010ad0ece0, 0x000000010ad0f108]

GC Heap History (10 events):
Event: 1.433 GC heap before
{Heap before GC invocations=4 (full 0):
 PSYoungGen      total 141824K, used 141803K [0x000000076ab00000, 0x000000077c000000, 0x00000007c0000000)
  eden space 131072K, 100% used [0x000000076ab00000,0x0000000772b00000,0x0000000772b00000)
  from space 10752K, 99% used [0x0000000772b00000,0x000000077357ad68,0x0000000773580000)
  to   space 10752K, 0% used [0x000000077b580000,0x000000077b580000,0x000000077c000000)
 ParOldGen       total 175104K, used 97819K [0x00000006c0000000, 0x00000006cab00000, 0x000000076ab00000)
  object space 175104K, 55% used [0x00000006c0000000,0x00000006c5f86f80,0x00000006cab00000)
 Metaspace       used 4021K, capacity 4960K, committed 5120K, reserved 1056768K
  class space    used 435K, capacity 464K, committed 512K, reserved 1048576K
Event: 1.495 GC heap after
Heap after GC invocations=4 (full 0):
 PSYoungGen      total 272896K, used 10736K [0x000000076ab00000, 0x000000077c000000, 0x00000007c0000000)
  eden space 262144K, 0% used [0x000000076ab00000,0x000000076ab00000,0x000000077ab00000)
  from space 10752K, 99% used [0x000000077b580000,0x000000077bffc118,0x000000077c000000)
  to   space 10752K, 0% used [0x000000077ab00000,0x000000077ab00000,0x000000077b580000)
 ParOldGen       total 175104K, used 154555K [0x00000006c0000000, 0x00000006cab00000, 0x000000076ab00000)
  object space 175104K, 88% used [0x00000006c0000000,0x00000006c96eef80,0x00000006cab00000)
 Metaspace       used 4021K, capacity 4960K, committed 5120K, reserved 1056768K
  class space    used 435K, capacity 464K, committed 512K, reserved 1048576K
}
Event: 1.495 GC heap before
{Heap before GC invocations=5 (full 1):
 PSYoungGen      total 272896K, used 10736K [0x000000076ab00000, 0x000000077c000000, 0x00000007c0000000)
  eden space 262144K, 0% used [0x000000076ab00000,0x000000076ab00000,0x000000077ab00000)
  from space 10752K, 99% used [0x000000077b580000,0x000000077bffc118,0x000000077c000000)
  to   space 10752K, 0% used [0x000000077ab00000,0x000000077ab00000,0x000000077b580000)
 ParOldGen       total 175104K, used 154555K [0x00000006c0000000, 0x00000006cab00000, 0x000000076ab00000)
  object space 175104K, 88% used [0x00000006c0000000,0x00000006c96eef80,0x00000006cab00000)
 Metaspace       used 4021K, capacity 4960K, committed 5120K, reserved 1056768K
  class space    used 435K, capacity 464K, committed 512K, reserved 1048576K
Event: 2.309 GC heap after
Heap after GC invocations=5 (full 1):
 PSYoungGen      total 272896K, used 0K [0x000000076ab00000, 0x000000077c000000, 0x00000007c0000000)
  eden space 262144K, 0% used [0x000000076ab00000,0x000000076ab00000,0x000000077ab00000)
  from space 10752K, 0% used [0x000000077b580000,0x000000077b580000,0x000000077c000000)
  to   space 10752K, 0% used [0x000000077ab00000,0x000000077ab00000,0x000000077b580000)
 ParOldGen       total 348672K, used 163752K [0x00000006c0000000, 0x00000006d5480000, 0x000000076ab00000)
  object space 348672K, 46% used [0x00000006c0000000,0x00000006c9fea0c8,0x00000006d5480000)
 Metaspace       used 4021K, capacity 4960K, committed 5120K, reserved 1056768K
  class space    used 435K, capacity 464K, committed 512K, reserved 1048576K
}
Event: 2.580 GC heap before
{Heap before GC invocations=6 (full 1):
 PSYoungGen      total 272896K, used 262144K [0x000000076ab00000, 0x000000077c000000, 0x00000007c0000000)
  eden space 262144K, 100% used [0x000000076ab00000,0x000000077ab00000,0x000000077ab00000)
  from space 10752K, 0% used [0x000000077b580000,0x000000077b580000,0x000000077c000000)
  to   space 10752K, 0% used [0x000000077ab00000,0x000000077ab00000,0x000000077b580000)
 ParOldGen       total 348672K, used 163752K [0x00000006c0000000, 0x00000006d5480000, 0x000000076ab00000)
  object space 348672K, 46% used [0x00000006c0000000,0x00000006c9fea0c8,0x00000006d5480000)
 Metaspace       used 4021K, capacity 4960K, committed 5120K, reserved 1056768K
  class space    used 435K, capacity 464K, committed 512K, reserved 1048576K
Event: 2.678 GC heap after
Heap after GC invocations=6 (full 1):
 PSYoungGen      total 272896K, used 10749K [0x000000076ab00000, 0x000000078ea00000, 0x00000007c0000000)
  eden space 262144K, 0% used [0x000000076ab00000,0x000000076ab00000,0x000000077ab00000)
  from space 10752K, 99% used [0x000000077ab00000,0x000000077b57f568,0x000000077b580000)
  to   space 122368K, 0% used [0x0000000787280000,0x0000000787280000,0x000000078ea00000)
 ParOldGen       total 348672K, used 265208K [0x00000006c0000000, 0x00000006d5480000, 0x000000076ab00000)
  object space 348672K, 76% used [0x00000006c0000000,0x00000006d02fe0c8,0x00000006d5480000)
 Metaspace       used 4021K, capacity 4960K, committed 5120K, reserved 1056768K
  class space    used 435K, capacity 464K, committed 512K, reserved 1048576K
}
Event: 2.678 GC heap before
{Heap before GC invocations=7 (full 2):
 PSYoungGen      total 272896K, used 10749K [0x000000076ab00000, 0x000000078ea00000, 0x00000007c0000000)
  eden space 262144K, 0% used [0x000000076ab00000,0x000000076ab00000,0x000000077ab00000)
  from space 10752K, 99% used [0x000000077ab00000,0x000000077b57f568,0x000000077b580000)
  to   space 122368K, 0% used [0x0000000787280000,0x0000000787280000,0x000000078ea00000)
 ParOldGen       total 348672K, used 265208K [0x00000006c0000000, 0x00000006d5480000, 0x000000076ab00000)
  object space 348672K, 76% used [0x00000006c0000000,0x00000006d02fe0c8,0x00000006d5480000)
 Metaspace       used 4021K, capacity 4960K, committed 5120K, reserved 1056768K
  class space    used 435K, capacity 464K, committed 512K, reserved 1048576K
Event: 3.369 GC heap after
Heap after GC invocations=7 (full 2):
 PSYoungGen      total 272896K, used 0K [0x000000076ab00000, 0x000000078ea00000, 0x00000007c0000000)
  eden space 262144K, 0% used [0x000000076ab00000,0x000000076ab00000,0x000000077ab00000)
  from space 10752K, 0% used [0x000000077ab00000,0x000000077ab00000,0x000000077b580000)
  to   space 122368K, 0% used [0x0000000787280000,0x0000000787280000,0x000000078ea00000)
 ParOldGen       total 576512K, used 274151K [0x00000006c0000000, 0x00000006e3300000, 0x000000076ab00000)
  object space 576512K, 47% used [0x00000006c0000000,0x00000006d0bb9d10,0x00000006e3300000)
 Metaspace       used 4021K, capacity 4960K, committed 5120K, reserved 1056768K
  class space    used 435K, capacity 464K, committed 512K, reserved 1048576K
}
Event: 3.570 GC heap before
{Heap before GC invocations=8 (full 2):
 PSYoungGen      total 272896K, used 262144K [0x000000076ab00000, 0x000000078ea00000, 0x00000007c0000000)
  eden space 262144K, 100% used [0x000000076ab00000,0x000000077ab00000,0x000000077ab00000)
  from space 10752K, 0% used [0x000000077ab00000,0x000000077ab00000,0x000000077b580000)
  to   space 122368K, 0% used [0x0000000787280000,0x0000000787280000,0x000000078ea00000)
 ParOldGen       total 576512K, used 274151K [0x00000006c0000000, 0x00000006e3300000, 0x000000076ab00000)
  object space 576512K, 47% used [0x00000006c0000000,0x00000006d0bb9d10,0x00000006e3300000)
 Metaspace       used 4021K, capacity 4960K, committed 5120K, reserved 1056768K
  class space    used 435K, capacity 464K, committed 512K, reserved 1048576K
Event: 3.665 GC heap after
Heap after GC invocations=8 (full 2):
 PSYoungGen      total 443392K, used 116140K [0x000000076ab00000, 0x000000078fc80000, 0x00000007c0000000)
  eden space 321024K, 0% used [0x000000076ab00000,0x000000076ab00000,0x000000077e480000)
  from space 122368K, 94% used [0x0000000787280000,0x000000078e3eb010,0x000000078ea00000)
  to   space 143360K, 0% used [0x000000077e480000,0x000000077e480000,0x0000000787080000)
 ParOldGen       total 576512K, used 274151K [0x00000006c0000000, 0x00000006e3300000, 0x000000076ab00000)
  object space 576512K, 47% used [0x00000006c0000000,0x00000006d0bb9d10,0x00000006e3300000)
 Metaspace       used 4021K, capacity 4960K, committed 5120K, reserved 1056768K
  class space    used 435K, capacity 464K, committed 512K, reserved 1048576K
}

Deoptimization events (10 events):
Event: 4.286 Thread 0x00007ff639800800 Uncommon trap: reason=class_check action=maybe_recompile pc=0x000000010aca6bd0 method=java.util.regex.Pattern$CharProperty.match(Ljava/util/regex/Matcher;ILjava/lang/CharSequence;)Z @ 37
Event: 4.286 Thread 0x00007ff639800800 Uncommon trap: reason=bimorphic action=maybe_recompile pc=0x000000010ac4ba38 method=com.google.common.collect.AbstractIterator.tryToComputeNext()Z @ 9
Event: 4.385 Thread 0x00007ff639800800 Uncommon trap: reason=unstable_if action=reinterpret pc=0x000000010ac428a8 method=java.util.concurrent.ConcurrentHashMap.isEmpty()Z @ 6
Event: 4.386 Thread 0x00007ff639800800 Uncommon trap: reason=unstable_if action=reinterpret pc=0x000000010ac404e8 method=java.util.HashMap.keySet()Ljava/util/Set; @ 6
Event: 4.452 Thread 0x00007ff639800800 Uncommon trap: reason=bimorphic action=maybe_recompile pc=0x000000010ac371d4 method=java.util.HashMap.putVal(ILjava/lang/Object;Ljava/lang/Object;ZZ)Ljava/lang/Object; @ 91
Event: 4.453 Thread 0x00007ff639800800 Uncommon trap: reason=bimorphic action=maybe_recompile pc=0x000000010ac371d4 method=java.util.HashMap.putVal(ILjava/lang/Object;Ljava/lang/Object;ZZ)Ljava/lang/Object; @ 91
Event: 4.453 Thread 0x00007ff639800800 Uncommon trap: reason=bimorphic action=maybe_recompile pc=0x000000010ac371d4 method=java.util.HashMap.putVal(ILjava/lang/Object;Ljava/lang/Object;ZZ)Ljava/lang/Object; @ 91
Event: 4.453 Thread 0x00007ff639800800 Uncommon trap: reason=bimorphic action=maybe_recompile pc=0x000000010ac371d4 method=java.util.HashMap.putVal(ILjava/lang/Object;Ljava/lang/Object;ZZ)Ljava/lang/Object; @ 91
Event: 4.453 Thread 0x00007ff639800800 Uncommon trap: reason=bimorphic action=maybe_recompile pc=0x000000010ac388a4 method=java.util.HashMap.putVal(ILjava/lang/Object;Ljava/lang/Object;ZZ)Ljava/lang/Object; @ 91
Event: 4.464 Thread 0x00007ff639800800 Uncommon trap: reason=unstable_if action=reinterpret pc=0x000000010ab3f170 method=java.util.ArrayList.toArray([Ljava/lang/Object;)[Ljava/lang/Object; @ 6

Classes redefined (0 events):
No events

Internal exceptions (10 events):
Event: 0.266 Thread 0x00007ff639800800 Exception <a 'java/security/PrivilegedActionException'> (0x000000076ae0bb18) thrown at [/Users/java_re/workspace/8-2-build-macosx-x86_64/jdk8u161/10277/hotspot/src/share/vm/prims/jvm.cpp, line 1390]
Event: 0.266 Thread 0x00007ff639800800 Exception <a 'java/security/PrivilegedActionException'> (0x000000076ae0cbb0) thrown at [/Users/java_re/workspace/8-2-build-macosx-x86_64/jdk8u161/10277/hotspot/src/share/vm/prims/jvm.cpp, line 1390]
Event: 0.266 Thread 0x00007ff639800800 Exception <a 'java/security/PrivilegedActionException'> (0x000000076ae0cdc0) thrown at [/Users/java_re/workspace/8-2-build-macosx-x86_64/jdk8u161/10277/hotspot/src/share/vm/prims/jvm.cpp, line 1390]
Event: 0.268 Thread 0x00007ff639800800 Exception <a 'java/security/PrivilegedActionException'> (0x000000076ae151d0) thrown at [/Users/java_re/workspace/8-2-build-macosx-x86_64/jdk8u161/10277/hotspot/src/share/vm/prims/jvm.cpp, line 1390]
Event: 0.268 Thread 0x00007ff639800800 Exception <a 'java/security/PrivilegedActionException'> (0x000000076ae153e0) thrown at [/Users/java_re/workspace/8-2-build-macosx-x86_64/jdk8u161/10277/hotspot/src/share/vm/prims/jvm.cpp, line 1390]
Event: 0.525 Thread 0x00007ff639800800 Exception <a 'java/security/PrivilegedActionException'> (0x000000076b146ab0) thrown at [/Users/java_re/workspace/8-2-build-macosx-x86_64/jdk8u161/10277/hotspot/src/share/vm/prims/jvm.cpp, line 1390]
Event: 0.525 Thread 0x00007ff639800800 Exception <a 'java/security/PrivilegedActionException'> (0x000000076b146cc0) thrown at [/Users/java_re/workspace/8-2-build-macosx-x86_64/jdk8u161/10277/hotspot/src/share/vm/prims/jvm.cpp, line 1390]
Event: 0.525 Thread 0x00007ff639800800 Exception <a 'java/security/PrivilegedActionException'> (0x000000076b149ff0) thrown at [/Users/java_re/workspace/8-2-build-macosx-x86_64/jdk8u161/10277/hotspot/src/share/vm/prims/jvm.cpp, line 1390]
Event: 0.525 Thread 0x00007ff639800800 Exception <a 'java/security/PrivilegedActionException'> (0x000000076b14a200) thrown at [/Users/java_re/workspace/8-2-build-macosx-x86_64/jdk8u161/10277/hotspot/src/share/vm/prims/jvm.cpp, line 1390]
Event: 4.386 Thread 0x00007ff639800800 Implicit null exception at 0x000000010ac402e9 to 0x000000010ac404d9

Events (10 events):
Event: 4.475 loading class java/util/TimeZone$1
Event: 4.475 loading class java/util/TimeZone$1 done
Event: 4.475 loading class sun/util/calendar/Gregorian$Date
Event: 4.475 loading class sun/util/calendar/BaseCalendar$Date
Event: 4.475 loading class sun/util/calendar/CalendarDate
Event: 4.475 loading class sun/util/calendar/CalendarDate done
Event: 4.475 loading class sun/util/calendar/BaseCalendar$Date done
Event: 4.475 loading class sun/util/calendar/Gregorian$Date done
Event: 4.475 loading class sun/util/calendar/CalendarUtils
Event: 4.475 loading class sun/util/calendar/CalendarUtils done


Dynamic libraries:
0x000000000367c000 	/System/Library/Frameworks/Cocoa.framework/Versions/A/Cocoa
0x000000000367c000 	/System/Library/Frameworks/Security.framework/Versions/A/Security
0x000000000367c000 	/System/Library/Frameworks/ApplicationServices.framework/Versions/A/ApplicationServices
0x000000000367c000 	/usr/lib/libz.1.dylib
0x000000000367c000 	/usr/lib/libSystem.B.dylib
0x000000000367c000 	/usr/lib/libobjc.A.dylib
0x000000000367c000 	/System/Library/Frameworks/CoreFoundation.framework/Versions/A/CoreFoundation
0x000000000367c000 	/System/Library/Frameworks/Foundation.framework/Versions/C/Foundation
0x000000000367c000 	/System/Library/Frameworks/AppKit.framework/Versions/C/AppKit
0x000000000367c000 	/System/Library/Frameworks/CoreData.framework/Versions/A/CoreData
0x000000000367c000 	/System/Library/PrivateFrameworks/UIFoundation.framework/Versions/A/UIFoundation
0x000000000367c000 	/System/Library/PrivateFrameworks/RemoteViewServices.framework/Versions/A/RemoteViewServices
0x000000000367c000 	/System/Library/PrivateFrameworks/XCTTargetBootstrap.framework/Versions/A/XCTTargetBootstrap
0x000000000367c000 	/System/Library/Frameworks/CoreDisplay.framework/Versions/A/CoreDisplay
0x000000000367c000 	/System/Library/Frameworks/Metal.framework/Versions/A/Metal
0x000000000367c000 	/System/Library/PrivateFrameworks/DesktopServicesPriv.framework/Versions/A/DesktopServicesPriv
0x000000000367c000 	/usr/lib/liblangid.dylib
0x000000000367c000 	/System/Library/PrivateFrameworks/CoreSVG.framework/Versions/A/CoreSVG
0x000000000367c000 	/System/Library/PrivateFrameworks/SkyLight.framework/Versions/A/SkyLight
0x000000000367c000 	/System/Library/Frameworks/CoreGraphics.framework/Versions/A/CoreGraphics
0x000000000367c000 	/System/Library/Frameworks/Accelerate.framework/Versions/A/Accelerate
0x000000000367c000 	/usr/lib/libxml2.2.dylib
0x000000000367c000 	/System/Library/PrivateFrameworks/IconServices.framework/Versions/A/IconServices
0x000000000367c000 	/System/Library/Frameworks/IOSurface.framework/Versions/A/IOSurface
0x000000000367c000 	/usr/lib/libDiagnosticMessagesClient.dylib
0x000000000367c000 	/System/Library/PrivateFrameworks/DFRFoundation.framework/Versions/A/DFRFoundation
0x000000000367c000 	/usr/lib/libicucore.A.dylib
0x000000000367c000 	/System/Library/Frameworks/AudioToolbox.framework/Versions/A/AudioToolbox
0x000000000367c000 	/System/Library/Frameworks/AudioUnit.framework/Versions/A/AudioUnit
0x000000000367c000 	/usr/lib/libauto.dylib
0x000000000367c000 	/System/Library/PrivateFrameworks/DataDetectorsCore.framework/Versions/A/DataDetectorsCore
0x000000000367c000 	/System/Library/Frameworks/Carbon.framework/Versions/A/Frameworks/HIToolbox.framework/Versions/A/HIToolbox
0x000000000367c000 	/System/Library/Frameworks/QuartzCore.framework/Versions/A/QuartzCore
0x000000000367c000 	/System/Library/Frameworks/Carbon.framework/Versions/A/Frameworks/SpeechRecognition.framework/Versions/A/SpeechRecognition
0x000000000367c000 	/System/Library/PrivateFrameworks/CoreUI.framework/Versions/A/CoreUI
0x000000000367c000 	/System/Library/Frameworks/CoreAudio.framework/Versions/A/CoreAudio
0x000000000367c000 	/System/Library/Frameworks/DiskArbitration.framework/Versions/A/DiskArbitration
0x000000000367c000 	/System/Library/PrivateFrameworks/MultitouchSupport.framework/Versions/A/MultitouchSupport
0x000000000367c000 	/usr/lib/libenergytrace.dylib
0x000000000367c000 	/System/Library/Frameworks/IOKit.framework/Versions/A/IOKit
0x000000000367c000 	/System/Library/Frameworks/CoreServices.framework/Versions/A/CoreServices
0x000000000367c000 	/System/Library/PrivateFrameworks/PerformanceAnalysis.framework/Versions/A/PerformanceAnalysis
0x000000000367c000 	/System/Library/Frameworks/OpenGL.framework/Versions/A/OpenGL
0x000000000367c000 	/System/Library/Frameworks/ColorSync.framework/Versions/A/ColorSync
0x000000000367c000 	/System/Library/Frameworks/CoreImage.framework/Versions/A/CoreImage
0x000000000367c000 	/System/Library/Frameworks/CoreText.framework/Versions/A/CoreText
0x000000000367c000 	/System/Library/Frameworks/ImageIO.framework/Versions/A/ImageIO
0x000000000367c000 	/usr/lib/libc++.1.dylib
0x000000000367c000 	/usr/lib/libcompression.dylib
0x000000000367c000 	/usr/lib/libMobileGestalt.dylib
0x000000000367c000 	/System/Library/PrivateFrameworks/TextureIO.framework/Versions/A/TextureIO
0x000000000367c000 	/usr/lib/libate.dylib
0x000000000367c000 	/System/Library/PrivateFrameworks/InternationalSupport.framework/Versions/A/InternationalSupport
0x000000000367c000 	/usr/lib/system/libcache.dylib
0x000000000367c000 	/usr/lib/system/libcommonCrypto.dylib
0x000000000367c000 	/usr/lib/system/libcompiler_rt.dylib
0x000000000367c000 	/usr/lib/system/libcopyfile.dylib
0x000000000367c000 	/usr/lib/system/libcorecrypto.dylib
0x000000000367c000 	/usr/lib/system/libdispatch.dylib
0x000000000367c000 	/usr/lib/system/libdyld.dylib
0x000000000367c000 	/usr/lib/system/libkeymgr.dylib
0x000000000367c000 	/usr/lib/system/liblaunch.dylib
0x000000000367c000 	/usr/lib/system/libmacho.dylib
0x000000000367c000 	/usr/lib/system/libquarantine.dylib
0x000000000367c000 	/usr/lib/system/libremovefile.dylib
0x000000000367c000 	/usr/lib/system/libsystem_asl.dylib
0x000000000367c000 	/usr/lib/system/libsystem_blocks.dylib
0x000000000367c000 	/usr/lib/system/libsystem_c.dylib
0x000000000367c000 	/usr/lib/system/libsystem_configuration.dylib
0x000000000367c000 	/usr/lib/system/libsystem_coreservices.dylib
0x000000000367c000 	/usr/lib/system/libsystem_darwin.dylib
0x000000000367c000 	/usr/lib/system/libsystem_dnssd.dylib
0x000000000367c000 	/usr/lib/system/libsystem_featureflags.dylib
0x000000000367c000 	/usr/lib/system/libsystem_info.dylib
0x000000000367c000 	/usr/lib/system/libsystem_m.dylib
0x000000000367c000 	/usr/lib/system/libsystem_malloc.dylib
0x000000000367c000 	/usr/lib/system/libsystem_networkextension.dylib
0x000000000367c000 	/usr/lib/system/libsystem_notify.dylib
0x000000000367c000 	/usr/lib/system/libsystem_sandbox.dylib
0x000000000367c000 	/usr/lib/system/libsystem_secinit.dylib
0x000000000367c000 	/usr/lib/system/libsystem_kernel.dylib
0x000000000367c000 	/usr/lib/system/libsystem_platform.dylib
0x000000000367c000 	/usr/lib/system/libsystem_pthread.dylib
0x000000000367c000 	/usr/lib/system/libsystem_symptoms.dylib
0x000000000367c000 	/usr/lib/system/libsystem_trace.dylib
0x000000000367c000 	/usr/lib/system/libunwind.dylib
0x000000000367c000 	/usr/lib/system/libxpc.dylib
0x000000000367c000 	/usr/lib/libc++abi.dylib
0x000000000367c000 	/usr/lib/liblzma.5.dylib
0x000000000367c000 	/usr/lib/libfakelink.dylib
0x000000000367c000 	/usr/lib/libarchive.2.dylib
0x000000000367c000 	/System/Library/Frameworks/SystemConfiguration.framework/Versions/A/SystemConfiguration
0x000000000367c000 	/usr/lib/libCRFSuite.dylib
0x000000000367c000 	/System/Library/Frameworks/CFNetwork.framework/Versions/A/CFNetwork
0x000000000367c000 	/usr/lib/libbsm.0.dylib
0x000000000367c000 	/usr/lib/system/libkxld.dylib
0x000000000367c000 	/System/Library/PrivateFrameworks/AppleFSCompression.framework/Versions/A/AppleFSCompression
0x000000000367c000 	/usr/lib/libcoretls.dylib
0x000000000367c000 	/usr/lib/libcoretls_cfhelpers.dylib
0x000000000367c000 	/usr/lib/libpam.2.dylib
0x000000000367c000 	/usr/lib/libsqlite3.dylib
0x000000000367c000 	/usr/lib/libxar.1.dylib
0x000000000367c000 	/usr/lib/libbz2.1.0.dylib
0x000000000367c000 	/usr/lib/libiconv.2.dylib
0x000000000367c000 	/usr/lib/libcharset.1.dylib
0x000000000367c000 	/usr/lib/libnetwork.dylib
0x000000000367c000 	/usr/lib/libpcap.A.dylib
0x000000000367c000 	/usr/lib/libapple_nghttp2.dylib
0x000000000367c000 	/System/Library/Frameworks/CoreServices.framework/Versions/A/Frameworks/FSEvents.framework/Versions/A/FSEvents
0x000000000367c000 	/System/Library/Frameworks/CoreServices.framework/Versions/A/Frameworks/CarbonCore.framework/Versions/A/CarbonCore
0x000000000367c000 	/System/Library/Frameworks/CoreServices.framework/Versions/A/Frameworks/Metadata.framework/Versions/A/Metadata
0x000000000367c000 	/System/Library/Frameworks/CoreServices.framework/Versions/A/Frameworks/OSServices.framework/Versions/A/OSServices
0x000000000367c000 	/System/Library/Frameworks/CoreServices.framework/Versions/A/Frameworks/SearchKit.framework/Versions/A/SearchKit
0x000000000367c000 	/System/Library/Frameworks/CoreServices.framework/Versions/A/Frameworks/AE.framework/Versions/A/AE
0x000000000367c000 	/System/Library/Frameworks/CoreServices.framework/Versions/A/Frameworks/LaunchServices.framework/Versions/A/LaunchServices
0x000000000367c000 	/System/Library/Frameworks/CoreServices.framework/Versions/A/Frameworks/DictionaryServices.framework/Versions/A/DictionaryServices
0x000000000367c000 	/System/Library/Frameworks/CoreServices.framework/Versions/A/Frameworks/SharedFileList.framework/Versions/A/SharedFileList
0x000000000367c000 	/System/Library/Frameworks/NetFS.framework/Versions/A/NetFS
0x000000000367c000 	/System/Library/PrivateFrameworks/NetAuth.framework/Versions/A/NetAuth
0x000000000367c000 	/System/Library/PrivateFrameworks/login.framework/Versions/A/Frameworks/loginsupport.framework/Versions/A/loginsupport
0x000000000367c000 	/System/Library/PrivateFrameworks/TCC.framework/Versions/A/TCC
0x000000000367c000 	/System/Library/PrivateFrameworks/CoreNLP.framework/Versions/A/CoreNLP
0x000000000367c000 	/System/Library/PrivateFrameworks/MetadataUtilities.framework/Versions/A/MetadataUtilities
0x000000000367c000 	/usr/lib/libmecabra.dylib
0x000000000367c000 	/usr/lib/libmecab.dylib
0x000000000367c000 	/usr/lib/libgermantok.dylib
0x000000000367c000 	/usr/lib/libThaiTokenizer.dylib
0x000000000367c000 	/usr/lib/libChineseTokenizer.dylib
0x000000000367c000 	/System/Library/Frameworks/Accelerate.framework/Versions/A/Frameworks/vImage.framework/Versions/A/vImage
0x000000000367c000 	/System/Library/Frameworks/Accelerate.framework/Versions/A/Frameworks/vecLib.framework/Versions/A/vecLib
0x000000000367c000 	/System/Library/Frameworks/Accelerate.framework/Versions/A/Frameworks/vecLib.framework/Versions/A/libvMisc.dylib
0x000000000367c000 	/System/Library/Frameworks/Accelerate.framework/Versions/A/Frameworks/vecLib.framework/Versions/A/libvDSP.dylib
0x000000000367c000 	/System/Library/Frameworks/Accelerate.framework/Versions/A/Frameworks/vecLib.framework/Versions/A/libBLAS.dylib
0x000000000367c000 	/System/Library/Frameworks/Accelerate.framework/Versions/A/Frameworks/vecLib.framework/Versions/A/libLAPACK.dylib
0x000000000367c000 	/System/Library/Frameworks/Accelerate.framework/Versions/A/Frameworks/vecLib.framework/Versions/A/libLinearAlgebra.dylib
0x000000000367c000 	/System/Library/Frameworks/Accelerate.framework/Versions/A/Frameworks/vecLib.framework/Versions/A/libSparseBLAS.dylib
0x000000000367c000 	/System/Library/Frameworks/Accelerate.framework/Versions/A/Frameworks/vecLib.framework/Versions/A/libQuadrature.dylib
0x000000000367c000 	/System/Library/Frameworks/Accelerate.framework/Versions/A/Frameworks/vecLib.framework/Versions/A/libBNNS.dylib
0x000000000367c000 	/System/Library/Frameworks/Accelerate.framework/Versions/A/Frameworks/vecLib.framework/Versions/A/libSparse.dylib
0x000000000367c000 	/System/Library/PrivateFrameworks/LanguageModeling.framework/Versions/A/LanguageModeling
0x000000000367c000 	/System/Library/PrivateFrameworks/CoreEmoji.framework/Versions/A/CoreEmoji
0x000000000367c000 	/System/Library/PrivateFrameworks/LinguisticData.framework/Versions/A/LinguisticData
0x000000000367c000 	/System/Library/PrivateFrameworks/Lexicon.framework/Versions/A/Lexicon
0x000000000367c000 	/usr/lib/libcmph.dylib
0x000000000367c000 	/System/Library/Frameworks/OpenDirectory.framework/Versions/A/Frameworks/CFOpenDirectory.framework/Versions/A/CFOpenDirectory
0x000000000367c000 	/System/Library/Frameworks/OpenDirectory.framework/Versions/A/OpenDirectory
0x000000000367c000 	/System/Library/PrivateFrameworks/APFS.framework/Versions/A/APFS
0x000000000367c000 	/System/Library/Frameworks/SecurityFoundation.framework/Versions/A/SecurityFoundation
0x000000000367c000 	/usr/lib/libutil.dylib
0x000000000367c000 	/System/Library/PrivateFrameworks/CoreServicesStore.framework/Versions/A/CoreServicesStore
0x000000000367c000 	/System/Library/Frameworks/ServiceManagement.framework/Versions/A/ServiceManagement
0x000000000367c000 	/System/Library/PrivateFrameworks/BackgroundTaskManagement.framework/Versions/A/BackgroundTaskManagement
0x000000000367c000 	/usr/lib/libxslt.1.dylib
0x000000000367c000 	/System/Library/PrivateFrameworks/AppleSystemInfo.framework/Versions/A/AppleSystemInfo
0x000000000367c000 	/System/Library/Frameworks/ImageIO.framework/Versions/A/Resources/libJPEG.dylib
0x000000000367c000 	/System/Library/Frameworks/ImageIO.framework/Versions/A/Resources/libTIFF.dylib
0x000000000367c000 	/System/Library/Frameworks/ImageIO.framework/Versions/A/Resources/libPng.dylib
0x000000000367c000 	/System/Library/Frameworks/ImageIO.framework/Versions/A/Resources/libGIF.dylib
0x000000000367c000 	/System/Library/Frameworks/ImageIO.framework/Versions/A/Resources/libJP2.dylib
0x000000000367c000 	/System/Library/Frameworks/ImageIO.framework/Versions/A/Resources/libRadiance.dylib
0x000000000367c000 	/usr/lib/libexpat.1.dylib
0x000000000367c000 	/System/Library/PrivateFrameworks/AppleJPEG.framework/Versions/A/AppleJPEG
0x000000000367c000 	/System/Library/PrivateFrameworks/FontServices.framework/libFontParser.dylib
0x000000000367c000 	/System/Library/PrivateFrameworks/WatchdogClient.framework/Versions/A/WatchdogClient
0x000000000367c000 	/System/Library/PrivateFrameworks/IOAccelerator.framework/Versions/A/IOAccelerator
0x000000000367c000 	/System/Library/Frameworks/MetalPerformanceShaders.framework/Versions/A/MetalPerformanceShaders
0x000000000367c000 	/System/Library/PrivateFrameworks/GPUWrangler.framework/Versions/A/GPUWrangler
0x000000000367c000 	/System/Library/PrivateFrameworks/IOPresentment.framework/Versions/A/IOPresentment
0x000000000367c000 	/System/Library/PrivateFrameworks/DSExternalDisplay.framework/Versions/A/DSExternalDisplay
0x000000000367c000 	/System/Library/Frameworks/OpenGL.framework/Versions/A/Libraries/libCoreFSCache.dylib
0x000000000367c000 	/System/Library/Frameworks/MetalPerformanceShaders.framework/Frameworks/MPSCore.framework/Versions/A/MPSCore
0x000000000367c000 	/System/Library/Frameworks/MetalPerformanceShaders.framework/Frameworks/MPSImage.framework/Versions/A/MPSImage
0x000000000367c000 	/System/Library/Frameworks/MetalPerformanceShaders.framework/Frameworks/MPSNeuralNetwork.framework/Versions/A/MPSNeuralNetwork
0x000000000367c000 	/System/Library/Frameworks/MetalPerformanceShaders.framework/Frameworks/MPSMatrix.framework/Versions/A/MPSMatrix
0x000000000367c000 	/System/Library/Frameworks/MetalPerformanceShaders.framework/Frameworks/MPSRayIntersector.framework/Versions/A/MPSRayIntersector
0x000000000367c000 	/System/Library/Frameworks/MetalPerformanceShaders.framework/Frameworks/MPSNDArray.framework/Versions/A/MPSNDArray
0x000000000367c000 	/System/Library/PrivateFrameworks/MetalTools.framework/Versions/A/MetalTools
0x000000000367c000 	/System/Library/PrivateFrameworks/AggregateDictionary.framework/Versions/A/AggregateDictionary
0x000000000367c000 	/System/Library/PrivateFrameworks/CoreAnalytics.framework/Versions/A/CoreAnalytics
0x000000000367c000 	/System/Library/PrivateFrameworks/AppleSauce.framework/Versions/A/AppleSauce
0x000000000367c000 	/usr/lib/libIOReport.dylib
0x000000000367c000 	/System/Library/Frameworks/CoreVideo.framework/Versions/A/CoreVideo
0x000000000367c000 	/System/Library/PrivateFrameworks/GraphVisualizer.framework/Versions/A/GraphVisualizer
0x000000000367c000 	/System/Library/PrivateFrameworks/FaceCore.framework/Versions/A/FaceCore
0x000000000367c000 	/System/Library/Frameworks/OpenCL.framework/Versions/A/OpenCL
0x000000000367c000 	/usr/lib/libFosl_dynamic.dylib
0x000000000367c000 	/System/Library/PrivateFrameworks/OTSVG.framework/Versions/A/OTSVG
0x000000000367c000 	/System/Library/Frameworks/ApplicationServices.framework/Versions/A/Frameworks/ATS.framework/Versions/A/Resources/libFontRegistry.dylib
0x000000000367c000 	/System/Library/PrivateFrameworks/FontServices.framework/libhvf.dylib
0x000000000367c000 	/System/Library/Frameworks/OpenGL.framework/Versions/A/Libraries/libGFXShared.dylib
0x000000000367c000 	/System/Library/Frameworks/OpenGL.framework/Versions/A/Libraries/libGLU.dylib
0x000000000367c000 	/System/Library/Frameworks/OpenGL.framework/Versions/A/Libraries/libGL.dylib
0x000000000367c000 	/System/Library/Frameworks/OpenGL.framework/Versions/A/Libraries/libGLImage.dylib
0x000000000367c000 	/System/Library/Frameworks/OpenGL.framework/Versions/A/Libraries/libCVMSPluginSupport.dylib
0x000000000367c000 	/System/Library/Frameworks/OpenGL.framework/Versions/A/Libraries/libCoreVMClient.dylib
0x000000000367c000 	/usr/lib/libncurses.5.4.dylib
0x000000000367c000 	/System/Library/Frameworks/ApplicationServices.framework/Versions/A/Frameworks/ATS.framework/Versions/A/ATS
0x000000000367c000 	/System/Library/Frameworks/ApplicationServices.framework/Versions/A/Frameworks/ColorSyncLegacy.framework/Versions/A/ColorSyncLegacy
0x000000000367c000 	/System/Library/Frameworks/ApplicationServices.framework/Versions/A/Frameworks/HIServices.framework/Versions/A/HIServices
0x000000000367c000 	/System/Library/Frameworks/ApplicationServices.framework/Versions/A/Frameworks/LangAnalysis.framework/Versions/A/LangAnalysis
0x000000000367c000 	/System/Library/Frameworks/ApplicationServices.framework/Versions/A/Frameworks/PrintCore.framework/Versions/A/PrintCore
0x000000000367c000 	/System/Library/Frameworks/ApplicationServices.framework/Versions/A/Frameworks/QD.framework/Versions/A/QD
0x000000000367c000 	/System/Library/Frameworks/ApplicationServices.framework/Versions/A/Frameworks/SpeechSynthesis.framework/Versions/A/SpeechSynthesis
0x000000000367c000 	/System/Library/Frameworks/ApplicationServices.framework/Versions/A/Frameworks/ATSUI.framework/Versions/A/ATSUI
0x000000000367c000 	/usr/lib/libcups.2.dylib
0x000000000367c000 	/System/Library/Frameworks/Kerberos.framework/Versions/A/Kerberos
0x000000000367c000 	/System/Library/Frameworks/GSS.framework/Versions/A/GSS
0x000000000367c000 	/usr/lib/libresolv.9.dylib
0x000000000367c000 	/System/Library/PrivateFrameworks/Heimdal.framework/Versions/A/Heimdal
0x000000000367c000 	/System/Library/Frameworks/Kerberos.framework/Versions/A/Libraries/libHeimdalProxy.dylib
0x000000000367c000 	/usr/lib/libheimdal-asn1.dylib
0x000000000367c000 	/System/Library/PrivateFrameworks/CommonAuth.framework/Versions/A/CommonAuth
0x000000000367c000 	/System/Library/PrivateFrameworks/AssertionServices.framework/Versions/A/AssertionServices
0x000000000367c000 	/System/Library/PrivateFrameworks/AudioToolboxCore.framework/Versions/A/AudioToolboxCore
0x000000000367c000 	/System/Library/PrivateFrameworks/caulk.framework/Versions/A/caulk
0x000000000367c000 	/System/Library/PrivateFrameworks/BaseBoard.framework/Versions/A/BaseBoard
0x000000000367c000 	/System/Library/PrivateFrameworks/RunningBoardServices.framework/Versions/A/RunningBoardServices
0x000000000367c000 	/System/Library/PrivateFrameworks/PersistentConnection.framework/Versions/A/PersistentConnection
0x000000000367c000 	/System/Library/PrivateFrameworks/ProtocolBuffer.framework/Versions/A/ProtocolBuffer
0x000000000367c000 	/System/Library/PrivateFrameworks/CommonUtilities.framework/Versions/A/CommonUtilities
0x000000000367c000 	/System/Library/PrivateFrameworks/Bom.framework/Versions/A/Bom
0x000000000367c000 	/usr/lib/libAudioToolboxUtility.dylib
0x000000000367c000 	/System/Library/PrivateFrameworks/Backup.framework/Versions/A/Backup
0x000000000367c000 	/System/Library/PrivateFrameworks/CrashReporterSupport.framework/Versions/A/CrashReporterSupport
0x000000000367c000 	/System/Library/PrivateFrameworks/Sharing.framework/Versions/A/Sharing
0x000000000367c000 	/System/Library/PrivateFrameworks/Apple80211.framework/Versions/A/Apple80211
0x000000000367c000 	/System/Library/PrivateFrameworks/AuthKit.framework/Versions/A/AuthKit
0x000000000367c000 	/System/Library/PrivateFrameworks/CoreUtils.framework/Versions/A/CoreUtils
0x000000000367c000 	/System/Library/Frameworks/CoreWLAN.framework/Versions/A/CoreWLAN
0x000000000367c000 	/System/Library/Frameworks/IOBluetooth.framework/Versions/A/IOBluetooth
0x000000000367c000 	/System/Library/PrivateFrameworks/MobileKeyBag.framework/Versions/A/MobileKeyBag
0x000000000367c000 	/System/Library/PrivateFrameworks/CorePhoneNumbers.framework/Versions/A/CorePhoneNumbers
0x000000000367c000 	/System/Library/PrivateFrameworks/AppleIDAuthSupport.framework/Versions/A/AppleIDAuthSupport
0x000000000367c000 	/System/Library/Frameworks/Network.framework/Versions/A/Network
0x000000000367c000 	/System/Library/PrivateFrameworks/KeychainCircle.framework/Versions/A/KeychainCircle
0x000000000367c000 	/System/Library/Frameworks/CoreBluetooth.framework/Versions/A/CoreBluetooth
0x000000000367c000 	/System/Library/PrivateFrameworks/SpeechRecognitionCore.framework/Versions/A/SpeechRecognitionCore
0x000000000367c000 	/System/Library/CoreServices/Encodings/libSimplifiedChineseConverter.dylib
0x0000000104400000 	/Library/Java/JavaVirtualMachines/jdk1.8.0_161.jdk/Contents/Home/jre/lib/server/libjvm.dylib
0x000000000367c000 	/usr/lib/libstdc++.6.dylib
0x00000001033a9000 	/Library/Java/JavaVirtualMachines/jdk1.8.0_161.jdk/Contents/Home/jre/lib/libverify.dylib
0x00000001033b7000 	/Library/Java/JavaVirtualMachines/jdk1.8.0_161.jdk/Contents/Home/jre/lib/libjava.dylib
0x00000001053ae000 	/Library/Java/JavaVirtualMachines/jdk1.8.0_161.jdk/Contents/Home/jre/lib/libinstrument.dylib
0x0000000105442000 	/Library/Java/JavaVirtualMachines/jdk1.8.0_161.jdk/Contents/Home/jre/lib/libzip.dylib
0x000000010a6c0000 	/Library/Java/JavaVirtualMachines/jdk1.8.0_161.jdk/Contents/Home/jre/lib/libnet.dylib
0x000000012381e000 	/Users/lucas/.javacpp/cache/nd4j-native-0.9.1-macosx-x86_64.jar/org/nd4j/nativeblas/macosx-x86_64/libnd4jcpu.dylib

VM Arguments:
jvm_args: -javaagent:/Applications/IntelliJ IDEA.app/Contents/lib/idea_rt.jar=58854:/Applications/IntelliJ IDEA.app/Contents/bin -Dfile.encoding=UTF-8 
java_command: com.isaac.stock.predict.StockPricePrediction
java_class_path (initial): /Library/Java/JavaVirtualMachines/jdk1.8.0_161.jdk/Contents/Home/jre/lib/charsets.jar:/Library/Java/JavaVirtualMachines/jdk1.8.0_161.jdk/Contents/Home/jre/lib/deploy.jar:/Library/Java/JavaVirtualMachines/jdk1.8.0_161.jdk/Contents/Home/jre/lib/ext/cldrdata.jar:/Library/Java/JavaVirtualMachines/jdk1.8.0_161.jdk/Contents/Home/jre/lib/ext/dnsns.jar:/Library/Java/JavaVirtualMachines/jdk1.8.0_161.jdk/Contents/Home/jre/lib/ext/jaccess.jar:/Library/Java/JavaVirtualMachines/jdk1.8.0_161.jdk/Contents/Home/jre/lib/ext/jfxrt.jar:/Library/Java/JavaVirtualMachines/jdk1.8.0_161.jdk/Contents/Home/jre/lib/ext/localedata.jar:/Library/Java/JavaVirtualMachines/jdk1.8.0_161.jdk/Contents/Home/jre/lib/ext/nashorn.jar:/Library/Java/JavaVirtualMachines/jdk1.8.0_161.jdk/Contents/Home/jre/lib/ext/sunec.jar:/Library/Java/JavaVirtualMachines/jdk1.8.0_161.jdk/Contents/Home/jre/lib/ext/sunjce_provider.jar:/Library/Java/JavaVirtualMachines/jdk1.8.0_161.jdk/Contents/Home/jre/lib/ext/sunpkcs11.jar:/Library/Java/JavaVirtualMachines/jdk1.8.0_161.jdk/Contents/Home/jre/lib/ext/zipfs.jar:/Library/Java/JavaVirtualMachines/jdk1.8.0_161.jdk/Contents/Home/jre/lib/javaws.jar:/Library/Java/JavaVirtualMachines/jdk1.8.0_161.jdk/Contents/Home/jre/lib/jce.jar:/Library/Java/JavaVirtualMachines/jdk1.8.0_161.jdk/Contents/Home/jre/lib/jfr.jar:/Library/Java/JavaVirtualMachines/jdk1.8.0_161.jdk/Contents/Home/jre/lib/jfxswt.jar:/Library/Java/JavaVirtualMachines/jdk1.8.0_161.jdk/Contents/Home/jre/lib/jsse.jar:/Library/Java/JavaVirtualMachines/jdk1.8.0_161.jdk/Contents/Home/jre/lib/management-agent.jar:/Library/Java/JavaVirtualMachines/jdk1.8.0_161.jdk/Contents/Home/jre/lib/plugin.jar:/Library/Java/JavaVirtualMachines/jdk1.8.0_161.jdk/Contents/Home/jre/lib/resources.jar:/Library/Java/JavaVirtualMachines/jdk1.8.0_161.jdk/Contents/Home/jre/lib/rt.jar:/Library/Java/JavaVirtualMachines/jdk1.8.0_161.jdk/Contents/Home/lib/ant-javafx.jar:/Library/Java/JavaVirtualMachines/jdk1.8.0_161.jdk/Contents/Home
Launcher Type: SUN_STANDARD

Environment Variables:
JAVA_HOME=/Library/Java/JavaVirtualMachines/jdk1.8.0_161.jdk/Contents/Home
PATH=/Users/lucas/opt/anaconda3/bin:/Users/lucas/opt/anaconda3/condabin:/Users/lucas/cdt/software/maven/bin:/Users/lucas/.npm-global/bin:/Library/Java/JavaVirtualMachines/jdk1.8.0_161.jdk/Contents/Home/bin:/Library/Frameworks/Python.framework/Versions/3.7/bin:/usr/local/bin:/usr/bin:/bin:/usr/sbin:/sbin:/Users/lucas/cdt/software/jad
SHELL=/bin/zsh

Signal Handlers:
SIGSEGV: [libjvm.dylib+0x5b5439], sa_mask[0]=11111111011111110111111111111111, sa_flags=SA_ONSTACK|SA_RESTART|SA_SIGINFO
SIGBUS: [libjvm.dylib+0x5b5439], sa_mask[0]=11111111011111110111111111111111, sa_flags=SA_RESTART|SA_SIGINFO
SIGFPE: [libjvm.dylib+0x48ae24], sa_mask[0]=11111111011111110111111111111111, sa_flags=SA_RESTART|SA_SIGINFO
SIGPIPE: [libjvm.dylib+0x48ae24], sa_mask[0]=11111111011111110111111111111111, sa_flags=SA_RESTART|SA_SIGINFO
SIGXFSZ: [libjvm.dylib+0x48ae24], sa_mask[0]=11111111011111110111111111111111, sa_flags=SA_RESTART|SA_SIGINFO
SIGILL: [libjvm.dylib+0x48ae24], sa_mask[0]=11111111011111110111111111111111, sa_flags=SA_RESTART|SA_SIGINFO
SIGUSR1: SIG_DFL, sa_mask[0]=00000000000000000000000000000000, sa_flags=none
SIGUSR2: [libjvm.dylib+0x48a942], sa_mask[0]=00100000000000000000000000000000, sa_flags=SA_RESTART|SA_SIGINFO
SIGHUP: [libjvm.dylib+0x488f0d], sa_mask[0]=11111111011111110111111111111111, sa_flags=SA_RESTART|SA_SIGINFO
SIGINT: [libjvm.dylib+0x488f0d], sa_mask[0]=11111111011111110111111111111111, sa_flags=SA_RESTART|SA_SIGINFO
SIGTERM: [libjvm.dylib+0x488f0d], sa_mask[0]=11111111011111110111111111111111, sa_flags=SA_RESTART|SA_SIGINFO
SIGQUIT: [libjvm.dylib+0x488f0d], sa_mask[0]=11111111011111110111111111111111, sa_flags=SA_RESTART|SA_SIGINFO


---------------  S Y S T E M  ---------------

OS:Bsduname:Darwin 19.2.0 Darwin Kernel Version 19.2.0: Sat Nov  9 03:47:04 PST 2019; root:xnu-6153.61.1~20/RELEASE_X86_64 x86_64
rlimit: STACK 8192k, CORE 0k, NPROC 2784, NOFILE 10240, AS infinity
load average:3.77 3.44 3.41

CPU:total 8 (initial active 8) (4 cores per cpu, 2 threads per core) family 6 model 70 stepping 1, cmov, cx8, fxsr, mmx, sse, sse2, sse3, ssse3, sse4.1, sse4.2, popcnt, avx, avx2, aes, clmul, erms, lzcnt, ht, tsc, tscinvbit, bmi1, bmi2

Memory: 4k page, physical 16777216k(93512k free)

/proc/meminfo:


vm_info: Java HotSpot(TM) 64-Bit Server VM (25.161-b12) for bsd-amd64 JRE (1.8.0_161-b12), built on Dec 19 2017 16:22:20 by "java_re" with gcc 4.2.1 (Based on Apple Inc. build 5658) (LLVM build 2336.11.00)

time: Sat Feb  8 13:41:22 2020
elapsed time: 4 seconds (0d 0h 0m 4s)

